[2024-02-16 03:17:31,335: INFO: utils: Note: NumExpr detected 20 cores but "NUMEXPR_MAX_THREADS" not set, so enforcing safe limit of 8.]
[2024-02-16 03:17:31,335: INFO: utils: NumExpr defaulting to 8 threads.]
[2024-02-16 03:17:35,421: WARNING: module_wrapper: From C:\ProgramData\Anaconda3\lib\site-packages\keras\src\losses.py:2976: The name tf.losses.sparse_softmax_cross_entropy is deprecated. Please use tf.compat.v1.losses.sparse_softmax_cross_entropy instead.
]
[2024-02-16 03:17:35,871: INFO: main: >>>>>>>>>> stage Data Ingestion Stage started <<<<<<<<<<]
[2024-02-16 03:17:35,872: INFO: common: yaml file: config\config.yaml loaded successfully]
[2024-02-16 03:17:35,873: INFO: common: yaml file: config\params.yaml loaded successfully]
[2024-02-16 03:17:35,874: INFO: common: Created directory at: artifacts]
[2024-02-16 03:17:35,875: INFO: common: Created directory at: data]
[2024-02-16 03:17:35,875: INFO: data_ingestion: Raw data path is - data]
[2024-02-16 03:17:35,875: INFO: main: >>>>>>>>>> stage Data Ingestion Stage completed <<<<<<<<<<

X==========X]
[2024-02-16 03:17:35,875: INFO: main: >>>>>>>>>> stage Data Validation stage started <<<<<<<<<<]
[2024-02-16 03:17:35,876: INFO: common: yaml file: config\config.yaml loaded successfully]
[2024-02-16 03:17:35,877: INFO: common: yaml file: config\params.yaml loaded successfully]
[2024-02-16 03:17:35,877: INFO: common: Created directory at: artifacts]
[2024-02-16 03:17:35,878: INFO: common: Created directory at: artifacts/ data_validation]
[2024-02-16 03:17:35,878: INFO: main: >>>>>>>>>> stage Data Validation stage completed <<<<<<<<<<

X==========X]
[2024-02-16 03:17:35,879: INFO: main: >>>>>>>>>> stage Data transformation stage started <<<<<<<<<<]
[2024-02-16 03:17:35,880: INFO: common: yaml file: config\config.yaml loaded successfully]
[2024-02-16 03:17:35,880: INFO: common: yaml file: config\params.yaml loaded successfully]
[2024-02-16 03:17:35,880: INFO: common: Created directory at: artifacts]
[2024-02-16 03:17:35,881: INFO: common: Created directory at: artifacts/data_transformation]
[2024-02-16 03:17:35,882: INFO: data_transformation: Loaded text data from ******* Sherlock Holmes.txt ******* succcessfully]
[2024-02-16 03:17:35,883: INFO: data_transformation: Tokenizer name set]
[2024-02-16 03:17:35,883: INFO: stage_03_data_transformation: Text data imported]
[2024-02-16 03:17:35,941: INFO: stage_03_data_transformation: Text data tokenize]
[2024-02-16 03:17:35,941: INFO: stage_03_data_transformation: The text data has 8199 word index.]
[2024-02-16 03:17:35,948: INFO: stage_03_data_transformation: Text data has been splited]
[2024-02-16 03:17:35,949: INFO: stage_03_data_transformation: Path: artifacts\data_transformation\Sherlock Holmes.pkl]
[2024-02-16 03:17:35,952: INFO: stage_03_data_transformation: Tokens are saved for Sherlock Holmes]
[2024-02-16 03:17:36,107: INFO: stage_03_data_transformation: The maximum length of Input is 101]
[2024-02-16 03:17:36,284: INFO: stage_03_data_transformation: The shape of padded input sequence is (99681, 101)]
[2024-02-16 03:17:36,292: INFO: main: >>>>>>>>>> stage Data transformation stage completed <<<<<<<<<<

X==========X]
