[2024-02-16 02:51:31,048: INFO: utils: Note: NumExpr detected 20 cores but "NUMEXPR_MAX_THREADS" not set, so enforcing safe limit of 8.]
[2024-02-16 02:51:31,049: INFO: utils: NumExpr defaulting to 8 threads.]
[2024-02-16 02:51:35,838: WARNING: module_wrapper: From C:\ProgramData\Anaconda3\lib\site-packages\keras\src\losses.py:2976: The name tf.losses.sparse_softmax_cross_entropy is deprecated. Please use tf.compat.v1.losses.sparse_softmax_cross_entropy instead.
]
[2024-02-16 02:51:36,447: INFO: main: >>>>>>>>>> stage Data Ingestion Stage started <<<<<<<<<<]
[2024-02-16 02:51:36,449: INFO: common: yaml file: config\config.yaml loaded successfully]
[2024-02-16 02:51:36,450: INFO: common: yaml file: config\params.yaml loaded successfully]
[2024-02-16 02:51:36,452: INFO: common: Created directory at: artifacts]
[2024-02-16 02:51:36,452: INFO: common: Created directory at: data]
[2024-02-16 02:51:36,452: INFO: data_ingestion: Raw data path is - data]
[2024-02-16 02:51:36,453: INFO: main: >>>>>>>>>> stage Data Ingestion Stage completed <<<<<<<<<<

X==========X]
[2024-02-16 02:51:36,453: INFO: main: >>>>>>>>>> stage Data Validation stage started <<<<<<<<<<]
[2024-02-16 02:51:36,455: INFO: common: yaml file: config\config.yaml loaded successfully]
[2024-02-16 02:51:36,456: INFO: common: yaml file: config\params.yaml loaded successfully]
[2024-02-16 02:51:36,457: INFO: common: Created directory at: artifacts]
[2024-02-16 02:51:36,458: INFO: common: Created directory at: artifacts/ data_validation]
[2024-02-16 02:51:36,459: INFO: main: >>>>>>>>>> stage Data Validation stage completed <<<<<<<<<<

X==========X]
[2024-02-16 02:51:36,459: INFO: main: >>>>>>>>>> stage Data transformation stage started <<<<<<<<<<]
[2024-02-16 02:51:36,461: INFO: common: yaml file: config\config.yaml loaded successfully]
[2024-02-16 02:51:36,462: INFO: common: yaml file: config\params.yaml loaded successfully]
[2024-02-16 02:51:36,462: INFO: common: Created directory at: artifacts]
[2024-02-16 02:51:36,463: INFO: common: Created directory at: artifacts/data_transformation]
[2024-02-16 02:51:36,465: INFO: data_transformation: Loaded text data from ******* Sherlock Holmes.txt ******* succcessfully]
[2024-02-16 02:51:36,465: INFO: data_transformation: Tokenizer name set]
[2024-02-16 02:51:36,466: INFO: stage_03_data_transformation: Text data imported]
[2024-02-16 02:51:36,566: INFO: stage_03_data_transformation: Text data tokenize]
[2024-02-16 02:51:36,566: INFO: stage_03_data_transformation: The text data has 8199 word index.]
[2024-02-16 02:51:36,582: INFO: stage_03_data_transformation: Text data has been splited]
[2024-02-16 02:51:36,582: INFO: stage_03_data_transformation: path artifacts/data_ingestion/dataset/Sherlock Holmes.txt\Sherlock Holmes]
[2024-02-16 02:51:36,583: INFO: main: >>>>>>>>>> stage Data transformation stage completed <<<<<<<<<<

X==========X]
