[2024-02-16 02:57:48,706: INFO: utils: Note: NumExpr detected 20 cores but "NUMEXPR_MAX_THREADS" not set, so enforcing safe limit of 8.]
[2024-02-16 02:57:48,707: INFO: utils: NumExpr defaulting to 8 threads.]
[2024-02-16 02:57:53,617: WARNING: module_wrapper: From C:\ProgramData\Anaconda3\lib\site-packages\keras\src\losses.py:2976: The name tf.losses.sparse_softmax_cross_entropy is deprecated. Please use tf.compat.v1.losses.sparse_softmax_cross_entropy instead.
]
[2024-02-16 02:57:54,279: INFO: main: >>>>>>>>>> stage Data Ingestion Stage started <<<<<<<<<<]
[2024-02-16 02:57:54,281: INFO: common: yaml file: config\config.yaml loaded successfully]
[2024-02-16 02:57:54,282: INFO: common: yaml file: config\params.yaml loaded successfully]
[2024-02-16 02:57:54,284: INFO: common: Created directory at: artifacts]
[2024-02-16 02:57:54,284: INFO: common: Created directory at: data]
[2024-02-16 02:57:54,284: INFO: data_ingestion: Raw data path is - data]
[2024-02-16 02:57:54,285: INFO: main: >>>>>>>>>> stage Data Ingestion Stage completed <<<<<<<<<<

X==========X]
[2024-02-16 02:57:54,285: INFO: main: >>>>>>>>>> stage Data Validation stage started <<<<<<<<<<]
[2024-02-16 02:57:54,287: INFO: common: yaml file: config\config.yaml loaded successfully]
[2024-02-16 02:57:54,288: INFO: common: yaml file: config\params.yaml loaded successfully]
[2024-02-16 02:57:54,288: INFO: common: Created directory at: artifacts]
[2024-02-16 02:57:54,288: INFO: common: Created directory at: artifacts/ data_validation]
[2024-02-16 02:57:54,290: INFO: main: >>>>>>>>>> stage Data Validation stage completed <<<<<<<<<<

X==========X]
[2024-02-16 02:57:54,290: INFO: main: >>>>>>>>>> stage Data transformation stage started <<<<<<<<<<]
[2024-02-16 02:57:54,291: INFO: common: yaml file: config\config.yaml loaded successfully]
[2024-02-16 02:57:54,293: INFO: common: yaml file: config\params.yaml loaded successfully]
[2024-02-16 02:57:54,294: INFO: common: Created directory at: artifacts]
[2024-02-16 02:57:54,294: INFO: common: Created directory at: artifacts/data_transformation]
[2024-02-16 02:57:54,298: INFO: data_transformation: Loaded text data from ******* Sherlock Holmes.txt ******* succcessfully]
[2024-02-16 02:57:54,299: INFO: data_transformation: Tokenizer name set]
[2024-02-16 02:57:54,299: INFO: stage_03_data_transformation: Text data imported]
[2024-02-16 02:57:54,391: INFO: stage_03_data_transformation: Text data tokenize]
[2024-02-16 02:57:54,391: INFO: stage_03_data_transformation: The text data has 8199 word index.]
[2024-02-16 02:57:54,404: INFO: stage_03_data_transformation: Text data has been splited]
[2024-02-16 02:57:54,404: INFO: stage_03_data_transformation: path artifacts\data_transformation\Sherlock Holmes]
[2024-02-16 02:57:54,404: INFO: main: >>>>>>>>>> stage Data transformation stage completed <<<<<<<<<<

X==========X]
