[2024-02-16 03:14:29,499: INFO: utils: Note: NumExpr detected 20 cores but "NUMEXPR_MAX_THREADS" not set, so enforcing safe limit of 8.]
[2024-02-16 03:14:29,499: INFO: utils: NumExpr defaulting to 8 threads.]
[2024-02-16 03:14:33,384: WARNING: module_wrapper: From C:\ProgramData\Anaconda3\lib\site-packages\keras\src\losses.py:2976: The name tf.losses.sparse_softmax_cross_entropy is deprecated. Please use tf.compat.v1.losses.sparse_softmax_cross_entropy instead.
]
[2024-02-16 03:14:33,942: INFO: main: >>>>>>>>>> stage Data Ingestion Stage started <<<<<<<<<<]
[2024-02-16 03:14:33,943: INFO: common: yaml file: config\config.yaml loaded successfully]
[2024-02-16 03:14:33,944: INFO: common: yaml file: config\params.yaml loaded successfully]
[2024-02-16 03:14:33,944: INFO: common: Created directory at: artifacts]
[2024-02-16 03:14:33,944: INFO: common: Created directory at: data]
[2024-02-16 03:14:33,944: INFO: data_ingestion: Raw data path is - data]
[2024-02-16 03:14:33,944: INFO: main: >>>>>>>>>> stage Data Ingestion Stage completed <<<<<<<<<<

X==========X]
[2024-02-16 03:14:33,945: INFO: main: >>>>>>>>>> stage Data Validation stage started <<<<<<<<<<]
[2024-02-16 03:14:33,946: INFO: common: yaml file: config\config.yaml loaded successfully]
[2024-02-16 03:14:33,946: INFO: common: yaml file: config\params.yaml loaded successfully]
[2024-02-16 03:14:33,947: INFO: common: Created directory at: artifacts]
[2024-02-16 03:14:33,947: INFO: common: Created directory at: artifacts/ data_validation]
[2024-02-16 03:14:33,948: INFO: main: >>>>>>>>>> stage Data Validation stage completed <<<<<<<<<<

X==========X]
[2024-02-16 03:14:33,948: INFO: main: >>>>>>>>>> stage Data transformation stage started <<<<<<<<<<]
[2024-02-16 03:14:33,950: INFO: common: yaml file: config\config.yaml loaded successfully]
[2024-02-16 03:14:33,951: INFO: common: yaml file: config\params.yaml loaded successfully]
[2024-02-16 03:14:33,951: INFO: common: Created directory at: artifacts]
[2024-02-16 03:14:33,952: INFO: common: Created directory at: artifacts/data_transformation]
[2024-02-16 03:14:33,953: INFO: data_transformation: Loaded text data from ******* Sherlock Holmes.txt ******* succcessfully]
[2024-02-16 03:14:33,953: INFO: data_transformation: Tokenizer name set]
[2024-02-16 03:14:33,954: INFO: stage_03_data_transformation: Text data imported]
[2024-02-16 03:14:34,017: INFO: stage_03_data_transformation: Text data tokenize]
[2024-02-16 03:14:34,017: INFO: stage_03_data_transformation: The text data has 8199 word index.]
[2024-02-16 03:14:34,028: INFO: stage_03_data_transformation: Text data has been splited]
[2024-02-16 03:14:34,029: INFO: stage_03_data_transformation: Path: artifacts\data_transformation\Sherlock Holmes.pkl]
[2024-02-16 03:14:34,034: INFO: stage_03_data_transformation: Tokens are saved for Sherlock Holmes]
[2024-02-16 03:14:34,211: INFO: stage_03_data_transformation: The maximum length of Input is 101]
[2024-02-16 03:14:34,215: INFO: main: >>>>>>>>>> stage Data transformation stage completed <<<<<<<<<<

X==========X]
