[2024-02-16 01:55:01,413: INFO: utils: Note: NumExpr detected 20 cores but "NUMEXPR_MAX_THREADS" not set, so enforcing safe limit of 8.]
[2024-02-16 01:55:01,413: INFO: utils: NumExpr defaulting to 8 threads.]
[2024-02-16 01:55:05,478: WARNING: module_wrapper: From C:\ProgramData\Anaconda3\lib\site-packages\keras\src\losses.py:2976: The name tf.losses.sparse_softmax_cross_entropy is deprecated. Please use tf.compat.v1.losses.sparse_softmax_cross_entropy instead.
]
[2024-02-16 01:55:05,754: INFO: main: >>>>>>>>>> stage Data Ingestion Stage started <<<<<<<<<<]
[2024-02-16 01:55:05,756: INFO: common: yaml file: config\config.yaml loaded successfully]
[2024-02-16 01:55:05,757: INFO: common: yaml file: config\params.yaml loaded successfully]
[2024-02-16 01:55:05,758: INFO: common: Created directory at: artifacts]
[2024-02-16 01:55:05,758: INFO: common: Created directory at: data]
[2024-02-16 01:55:05,758: INFO: data_ingestion: Raw data path is - data]
[2024-02-16 01:55:05,758: INFO: main: >>>>>>>>>> stage Data Ingestion Stage completed <<<<<<<<<<

X==========X]
[2024-02-16 01:55:05,759: INFO: main: >>>>>>>>>> stage Data Validation stage started <<<<<<<<<<]
[2024-02-16 01:55:05,760: INFO: common: yaml file: config\config.yaml loaded successfully]
[2024-02-16 01:55:05,761: INFO: common: yaml file: config\params.yaml loaded successfully]
[2024-02-16 01:55:05,762: INFO: common: Created directory at: artifacts]
[2024-02-16 01:55:05,762: INFO: common: Created directory at: artifacts/ data_validation]
[2024-02-16 01:55:05,762: INFO: main: >>>>>>>>>> stage Data Validation stage completed <<<<<<<<<<

X==========X]
[2024-02-16 01:55:05,762: INFO: main: >>>>>>>>>> stage Data transformation stage started <<<<<<<<<<]
[2024-02-16 01:55:05,765: INFO: common: yaml file: config\config.yaml loaded successfully]
[2024-02-16 01:55:05,765: INFO: common: yaml file: config\params.yaml loaded successfully]
[2024-02-16 01:55:05,767: INFO: common: Created directory at: artifacts]
[2024-02-16 01:55:05,767: INFO: common: Created directory at: artifacts/data_transformation]
[2024-02-16 01:55:05,769: INFO: data_transformation: Loaded text data from ******* Sherlock Holmes.txt ******* succcessfully]
[2024-02-16 01:55:05,769: INFO: stage_03_data_transformation: text data imported]
[2024-02-16 01:55:05,769: INFO: main: >>>>>>>>>> stage Data transformation stage completed <<<<<<<<<<

X==========X]
