[2024-02-16 02:48:28,473: INFO: utils: Note: NumExpr detected 20 cores but "NUMEXPR_MAX_THREADS" not set, so enforcing safe limit of 8.]
[2024-02-16 02:48:28,474: INFO: utils: NumExpr defaulting to 8 threads.]
[2024-02-16 02:48:33,697: WARNING: module_wrapper: From C:\ProgramData\Anaconda3\lib\site-packages\keras\src\losses.py:2976: The name tf.losses.sparse_softmax_cross_entropy is deprecated. Please use tf.compat.v1.losses.sparse_softmax_cross_entropy instead.
]
[2024-02-16 02:48:34,316: INFO: main: >>>>>>>>>> stage Data Ingestion Stage started <<<<<<<<<<]
[2024-02-16 02:48:34,319: INFO: common: yaml file: config\config.yaml loaded successfully]
[2024-02-16 02:48:34,320: INFO: common: yaml file: config\params.yaml loaded successfully]
[2024-02-16 02:48:34,320: INFO: common: Created directory at: artifacts]
[2024-02-16 02:48:34,321: INFO: common: Created directory at: data]
[2024-02-16 02:48:34,321: INFO: data_ingestion: Raw data path is - data]
[2024-02-16 02:48:34,321: INFO: main: >>>>>>>>>> stage Data Ingestion Stage completed <<<<<<<<<<

X==========X]
[2024-02-16 02:48:34,321: INFO: main: >>>>>>>>>> stage Data Validation stage started <<<<<<<<<<]
[2024-02-16 02:48:34,323: INFO: common: yaml file: config\config.yaml loaded successfully]
[2024-02-16 02:48:34,324: INFO: common: yaml file: config\params.yaml loaded successfully]
[2024-02-16 02:48:34,324: INFO: common: Created directory at: artifacts]
[2024-02-16 02:48:34,325: INFO: common: Created directory at: artifacts/ data_validation]
[2024-02-16 02:48:34,326: INFO: main: >>>>>>>>>> stage Data Validation stage completed <<<<<<<<<<

X==========X]
[2024-02-16 02:48:34,326: INFO: main: >>>>>>>>>> stage Data transformation stage started <<<<<<<<<<]
[2024-02-16 02:48:34,328: INFO: common: yaml file: config\config.yaml loaded successfully]
[2024-02-16 02:48:34,329: INFO: common: yaml file: config\params.yaml loaded successfully]
[2024-02-16 02:48:34,330: INFO: common: Created directory at: artifacts]
[2024-02-16 02:48:34,330: INFO: common: Created directory at: artifacts/data_transformation]
[2024-02-16 02:48:34,332: INFO: data_transformation: Loaded text data from ******* Sherlock Holmes.txt ******* succcessfully]
[2024-02-16 02:48:34,333: INFO: data_transformation: Tokenizer name set]
[2024-02-16 02:48:34,333: INFO: stage_03_data_transformation: Text data imported]
[2024-02-16 02:48:34,423: INFO: stage_03_data_transformation: Text data tokenize]
[2024-02-16 02:48:34,423: INFO: stage_03_data_transformation: The text data has 8199 word index.]
[2024-02-16 02:48:34,435: INFO: stage_03_data_transformation: Text data has been splited]
[2024-02-16 02:48:34,435: INFO: stage_03_data_transformation: path artifacts/data_ingestion/dataset/Sherlock Holmes.txt\Sherlock Holmes.txt]
[2024-02-16 02:48:34,436: INFO: main: >>>>>>>>>> stage Data transformation stage completed <<<<<<<<<<

X==========X]
