[2024-02-16 03:22:01,959: INFO: utils: Note: NumExpr detected 20 cores but "NUMEXPR_MAX_THREADS" not set, so enforcing safe limit of 8.]
[2024-02-16 03:22:01,959: INFO: utils: NumExpr defaulting to 8 threads.]
[2024-02-16 03:22:06,268: WARNING: module_wrapper: From C:\ProgramData\Anaconda3\lib\site-packages\keras\src\losses.py:2976: The name tf.losses.sparse_softmax_cross_entropy is deprecated. Please use tf.compat.v1.losses.sparse_softmax_cross_entropy instead.
]
[2024-02-16 03:22:06,860: INFO: main: >>>>>>>>>> stage Data Ingestion Stage started <<<<<<<<<<]
[2024-02-16 03:22:06,862: INFO: common: yaml file: config\config.yaml loaded successfully]
[2024-02-16 03:22:06,862: INFO: common: yaml file: config\params.yaml loaded successfully]
[2024-02-16 03:22:06,864: INFO: common: Created directory at: artifacts]
[2024-02-16 03:22:06,864: INFO: common: Created directory at: data]
[2024-02-16 03:22:06,864: INFO: data_ingestion: Raw data path is - data]
[2024-02-16 03:22:06,865: INFO: main: >>>>>>>>>> stage Data Ingestion Stage completed <<<<<<<<<<

X==========X]
[2024-02-16 03:22:06,865: INFO: main: >>>>>>>>>> stage Data Validation stage started <<<<<<<<<<]
[2024-02-16 03:22:06,866: INFO: common: yaml file: config\config.yaml loaded successfully]
[2024-02-16 03:22:06,867: INFO: common: yaml file: config\params.yaml loaded successfully]
[2024-02-16 03:22:06,867: INFO: common: Created directory at: artifacts]
[2024-02-16 03:22:06,868: INFO: common: Created directory at: artifacts/ data_validation]
[2024-02-16 03:22:06,869: INFO: main: >>>>>>>>>> stage Data Validation stage completed <<<<<<<<<<

X==========X]
[2024-02-16 03:22:06,869: INFO: main: >>>>>>>>>> stage Data transformation stage started <<<<<<<<<<]
[2024-02-16 03:22:06,870: INFO: common: yaml file: config\config.yaml loaded successfully]
[2024-02-16 03:22:06,871: INFO: common: yaml file: config\params.yaml loaded successfully]
[2024-02-16 03:22:06,871: INFO: common: Created directory at: artifacts]
[2024-02-16 03:22:06,872: INFO: common: Created directory at: artifacts/data_transformation]
[2024-02-16 03:22:06,873: INFO: data_transformation: Loaded text data from ******* Sherlock Holmes.txt ******* succcessfully]
[2024-02-16 03:22:06,873: INFO: data_transformation: Tokenizer name set]
[2024-02-16 03:22:06,874: INFO: stage_03_data_transformation: Text data imported]
[2024-02-16 03:22:06,941: INFO: stage_03_data_transformation: Text data tokenize]
[2024-02-16 03:22:06,941: INFO: stage_03_data_transformation: The text data has 8199 word index.]
[2024-02-16 03:22:06,950: INFO: stage_03_data_transformation: Text data has been splited]
[2024-02-16 03:22:06,951: INFO: stage_03_data_transformation: Path: artifacts\data_transformation\Sherlock Holmes.pkl]
[2024-02-16 03:22:06,954: INFO: stage_03_data_transformation: Tokens are saved for Sherlock Holmes]
[2024-02-16 03:22:07,122: INFO: stage_03_data_transformation: The maximum length of Input is 101]
[2024-02-16 03:22:07,313: INFO: stage_03_data_transformation: The shape of padded input sequence is (99681, 101)]
[2024-02-16 03:22:07,319: INFO: main: >>>>>>>>>> stage Data transformation stage completed <<<<<<<<<<

X==========X]
[2024-02-16 03:22:07,319: INFO: main: >>>>>>>>>> Stage Data Training stage Started <<<<<<<<<<]
[2024-02-16 03:22:07,319: INFO: main: >>>>>>>>>> Stage Data Training stage completed <<<<<<<<<<

X==========X]
